<?xml version="1.0" encoding="UTF-8"?>
<!-- Generated by org.testng.reporters.JUnitXMLReporter -->
<testsuite ignored="0" hostname="DESKTOP-R1FF5SH" failures="0" tests="6" name="Default test" time="37.092" errors="0" timestamp="2021-05-22T14:03:05 EDT">
  <testcase classname="tests.Halfebaytest" name="createaccount" time="0.35"/>
  <testcase classname="tests.Halfebaytest" name="createaccount" time="0.342"/>
  <testcase classname="tests.Halfebaytest" name="createaccount" time="0.323"/>
  <testcase classname="tests.Halfebaytest" name="createaccount" time="0.336"/>
  <testcase classname="tests.Halfebaytest" name="createaccount" time="0.314"/>
  <testcase classname="tests.Halfebaytest" name="createaccount" time="0.333"/>
</testsuite> <!-- Default test -->
