<?xml version="1.0" encoding="UTF-8"?>
<!-- Generated by org.testng.reporters.JUnitXMLReporter -->
<testsuite ignored="0" hostname="DESKTOP-R1FF5SH" failures="0" tests="6" name="Test11" time="36.863" errors="0" timestamp="2021-05-20T21:59:43 EDT">
  <testcase classname="tests.Halfebaytest" name="createaccount" time="0.376"/>
  <testcase classname="tests.Halfebaytest" name="createaccount" time="0.325"/>
  <testcase classname="tests.Halfebaytest" name="createaccount" time="0.412"/>
  <testcase classname="tests.Halfebaytest" name="createaccount" time="0.325"/>
  <testcase classname="tests.Halfebaytest" name="createaccount" time="0.335"/>
  <testcase classname="tests.Halfebaytest" name="createaccount" time="0.329"/>
</testsuite> <!-- Test11 -->
